<?xml version="1.0" ?>
<coverage branch-rate="0.9289" branches-covered="1358" branches-valid="1462" complexity="0" line-rate="0.9622" lines-covered="7327" lines-valid="7615" timestamp="1588797059600" version="4.4.2">
	<!-- Generated by coverage.py: https://coverage.readthedocs.io -->
	<!-- Based on https://raw.githubusercontent.com/cobertura/web/master/htdocs/xml/coverage-04.dtd -->
	<sources>
		<source>/Users/benellis/scikit-learn</source>
	</sources>
	<packages>
		<package branch-rate="0.9045" complexity="0" line-rate="0.9172" name="sklearn.ensemble">
			<classes>
				<class branch-rate="0.5" complexity="0" filename="sklearn/ensemble/__init__.py" line-rate="0.9524" name="__init__.py">
					<methods/>
					<lines>
						<line hits="1" number="5"/>
						<line hits="1" number="7"/>
						<line hits="1" number="8"/>
						<line hits="1" number="9"/>
						<line hits="1" number="10"/>
						<line hits="1" number="11"/>
						<line hits="1" number="12"/>
						<line hits="1" number="13"/>
						<line hits="1" number="14"/>
						<line hits="1" number="15"/>
						<line hits="1" number="16"/>
						<line hits="1" number="17"/>
						<line hits="1" number="18"/>
						<line hits="1" number="19"/>
						<line hits="1" number="20"/>
						<line hits="1" number="21"/>
						<line hits="1" number="22"/>
						<line hits="1" number="23"/>
						<line branch="true" condition-coverage="50% (1/2)" hits="1" missing-branches="28" number="25"/>
						<line hits="0" number="28"/>
						<line hits="1" number="32"/>
					</lines>
				</class>
				<class branch-rate="0.934" complexity="0" filename="sklearn/ensemble/_bagging.py" line-rate="0.9736" name="_bagging.py">
					<methods/>
					<lines>
						<line hits="1" number="7"/>
						<line hits="1" number="8"/>
						<line hits="1" number="9"/>
						<line hits="1" number="10"/>
						<line hits="1" number="11"/>
						<line hits="1" number="13"/>
						<line hits="1" number="15"/>
						<line hits="1" number="16"/>
						<line hits="1" number="17"/>
						<line hits="1" number="18"/>
						<line hits="1" number="19"/>
						<line hits="1" number="20"/>
						<line hits="1" number="21"/>
						<line hits="1" number="22"/>
						<line hits="1" number="23"/>
						<line hits="1" number="24"/>
						<line hits="1" number="28"/>
						<line hits="1" number="31"/>
						<line hits="1" number="34"/>
						<line branch="true" condition-coverage="100% (2/2)" hits="1" number="37"/>
						<line hits="1" number="38"/>
						<line hits="1" number="40"/>
						<line hits="1" number="43"/>
						<line hits="1" number="46"/>
						<line hits="1" number="51"/>
						<line hits="1" number="54"/>
						<line hits="1" number="56"/>
						<line hits="1" number="59"/>
						<line hits="1" number="62"/>
						<line hits="1" number="66"/>
						<line hits="1" number="67"/>
						<line hits="1" number="68"/>
						<line hits="1" number="69"/>
						<line hits="1" number="70"/>
						<line hits="1" number="71"/>
						<line branch="true" condition-coverage="100% (2/2)" hits="1" number="73"/>
						<line hits="1" number="74"/>
						<line hits="1" number="77"/>
						<line hits="1" number="78"/>
						<line branch="true" condition-coverage="100% (2/2)" hits="1" number="80"/>
						<line branch="true" condition-coverage="50% (1/2)" hits="1" missing-branches="82" number="81"/>
						<line hits="0" number="82"/>
						<line hits="1" number="85"/>
						<line hits="1" number="86"/>
						<line hits="1" number="90"/>
						<line branch="true" condition-coverage="100% (2/2)" hits="1" number="97"/>
						<line branch="true" condition-coverage="50% (1/2)" hits="1" missing-branches="101" number="98"/>
						<line hits="1" number="99"/>
						<line hits="0" number="101"/>
						<line branch="true" condition-coverage="100% (2/2)" hits="1" number="103"/>
						<line hits="1" number="104"/>
						<line hits="1" number="105"/>
						<line hits="1" number="107"/>
						<line hits="1" number="108"/>
						<line hits="1" number="110"/>
						<line hits="1" number="113"/>
						<line hits="1" number="115"/>
						<line hits="1" number="116"/>
						<line hits="1" number="118"/>
						<line hits="1" number="121"/>
						<line hits="1" number="123"/>
						<line hits="1" number="124"/>
						<line branch="true" condition-coverage="100% (2/2)" hits="1" number="126"/>
						<line branch="true" condition-coverage="100% (2/2)" hits="1" number="127"/>
						<line hits="1" number="128"/>
						<line branch="true" condition-coverage="100% (2/2)" hits="1" number="130"/>
						<line hits="1" number="131"/>
						<line hits="1" number="134"/>
						<line hits="1" number="139"/>
						<line branch="true" condition-coverage="100% (2/2)" hits="1" number="141"/>
						<line hits="1" number="142"/>
						<line hits="1" number="144"/>
						<line hits="1" number="147"/>
						<line hits="1" number="149"/>
						<line hits="1" number="150"/>
						<line hits="1" number="151"/>
						<line hits="1" number="152"/>
						<line branch="true" condition-coverage="100% (2/2)" hits="1" number="154"/>
						<line hits="1" number="155"/>
						<line branch="true" condition-coverage="100% (2/2)" hits="1" number="157"/>
						<line hits="1" number="158"/>
						<line hits="1" number="161"/>
						<line hits="1" number="165"/>
						<line hits="1" number="166"/>
						<line hits="1" number="169"/>
						<line hits="1" number="172"/>
						<line branch="true" condition-coverage="100% (2/2)" hits="1" number="174"/>
						<line hits="1" number="179"/>
						<line branch="true" condition-coverage="100% (2/2)" hits="1" number="181"/>
						<line hits="1" number="186"/>
						<line hits="1" number="193"/>
						<line hits="1" number="194"/>
						<line hits="1" number="206"/>
						<line hits="1" number="210"/>
						<line hits="1" number="211"/>
						<line hits="1" number="212"/>
						<line hits="1" number="213"/>
						<line hits="1" number="214"/>
						<line hits="1" number="215"/>
						<line hits="1" number="216"/>
						<line hits="1" number="217"/>
						<line hits="1" number="218"/>
						<line hits="1" number="220"/>
						<line hits="1" number="243"/>
						<line hits="1" number="245"/>
						<line hits="1" number="246"/>
						<line hits="1" number="248"/>
						<line hits="1" number="278"/>
						<line hits="1" number="281"/>
						<line branch="true" condition-coverage="100% (2/2)" hits="1" number="285"/>
						<line hits="1" number="286"/>
						<line hits="1" number="289"/>
						<line hits="1" number="290"/>
						<line hits="1" number="291"/>
						<line hits="1" number="294"/>
						<line branch="true" condition-coverage="100% (2/2)" hits="1" number="296"/>
						<line hits="1" number="297"/>
						<line branch="true" condition-coverage="50% (1/2)" hits="1" missing-branches="301" number="300"/>
						<line hits="0" number="301"/>
						<line branch="true" condition-coverage="100% (2/2)" hits="1" number="302"/>
						<line hits="1" number="303"/>
						<line branch="true" condition-coverage="100% (2/2)" hits="1" number="305"/>
						<line hits="1" number="306"/>
						<line hits="1" number="309"/>
						<line branch="true" condition-coverage="100% (2/2)" hits="1" number="312"/>
						<line hits="1" number="313"/>
						<line branch="true" condition-coverage="100% (2/2)" hits="1" number="314"/>
						<line hits="1" number="315"/>
						<line hits="1" number="317"/>
						<line branch="true" condition-coverage="100% (2/2)" hits="1" number="319"/>
						<line hits="1" number="320"/>
						<line hits="1" number="322"/>
						<line hits="1" number="325"/>
						<line branch="true" condition-coverage="50% (1/2)" hits="1" missing-branches="329" number="328"/>
						<line hits="0" number="329"/>
						<line branch="true" condition-coverage="100% (2/2)" hits="1" number="332"/>
						<line hits="1" number="333"/>
						<line branch="true" condition-coverage="100% (2/2)" hits="1" number="336"/>
						<line hits="1" number="337"/>
						<line branch="true" condition-coverage="100% (2/2)" hits="1" number="339"/>
						<line hits="1" number="341"/>
						<line hits="1" number="342"/>
						<line hits="1" number="344"/>
						<line branch="true" condition-coverage="100% (2/2)" hits="1" number="346"/>
						<line hits="1" number="347"/>
						<line branch="true" condition-coverage="100% (2/2)" hits="1" number="351"/>
						<line hits="1" number="352"/>
						<line hits="1" number="354"/>
						<line hits="1" number="357"/>
						<line hits="1" number="359"/>
						<line branch="true" condition-coverage="100% (2/2)" hits="1" number="363"/>
						<line hits="1" number="364"/>
						<line hits="1" number="366"/>
						<line hits="1" number="367"/>
						<line branch="true" condition-coverage="100% (2/2)" hits="1" number="369"/>
						<line branch="true" condition-coverage="100% (2/2)" hits="1" number="383"/>
						<line branch="true" condition-coverage="100% (2/2)" hits="1" number="385"/>
						<line branch="true" condition-coverage="100% (2/2)" hits="1" number="388"/>
						<line hits="1" number="389"/>
						<line hits="1" number="391"/>
						<line hits="1" number="393"/>
						<line hits="1" number="397"/>
						<line branch="true" condition-coverage="100% (2/2)" hits="1" number="398"/>
						<line hits="1" number="399"/>
						<line hits="1" number="401"/>
						<line hits="1" number="403"/>
						<line branch="true" condition-coverage="100% (2/2)" hits="1" number="405"/>
						<line hits="1" number="408"/>
						<line hits="1" number="413"/>
						<line hits="1" number="415"/>
						<line branch="true" condition-coverage="100% (2/2)" hits="1" number="428"/>
						<line hits="1" number="432"/>
						<line hits="1" number="580"/>
						<line hits="1" number="581"/>
						<line hits="1" number="594"/>
						<line hits="1" number="607"/>
						<line hits="1" number="609"/>
						<line hits="1" number="612"/>
						<line hits="1" number="613"/>
						<line hits="1" number="614"/>
						<line hits="1" number="616"/>
						<line branch="true" condition-coverage="100% (2/2)" hits="1" number="618"/>
						<line hits="1" number="622"/>
						<line branch="true" condition-coverage="100% (2/2)" hits="1" number="624"/>
						<line hits="1" number="625"/>
						<line hits="1" number="629"/>
						<line hits="1" number="630"/>
						<line branch="true" condition-coverage="100% (2/2)" hits="1" number="632"/>
						<line branch="true" condition-coverage="100% (2/2)" hits="1" number="633"/>
						<line hits="1" number="634"/>
						<line hits="1" number="635"/>
						<line branch="true" condition-coverage="100% (2/2)" hits="1" number="637"/>
						<line hits="1" number="638"/>
						<line hits="1" number="642"/>
						<line hits="1" number="644"/>
						<line hits="1" number="646"/>
						<line hits="1" number="647"/>
						<line hits="1" number="649"/>
						<line hits="1" number="650"/>
						<line hits="1" number="651"/>
						<line hits="1" number="652"/>
						<line hits="1" number="653"/>
						<line hits="1" number="655"/>
						<line hits="1" number="657"/>
						<line hits="1" number="675"/>
						<line hits="1" number="676"/>
						<line hits="1" number="679"/>
						<line hits="1" number="701"/>
						<line hits="1" number="703"/>
						<line branch="true" condition-coverage="50% (1/2)" hits="1" missing-branches="709" number="708"/>
						<line hits="0" number="709"/>
						<line hits="1" number="715"/>
						<line branch="true" condition-coverage="100% (2/2)" hits="1" number="718"/>
						<line hits="1" number="728"/>
						<line hits="1" number="730"/>
						<line hits="1" number="732"/>
						<line hits="1" number="751"/>
						<line branch="true" condition-coverage="100% (2/2)" hits="1" number="752"/>
						<line hits="1" number="754"/>
						<line branch="true" condition-coverage="50% (1/2)" hits="1" missing-branches="760" number="759"/>
						<line hits="0" number="760"/>
						<line hits="1" number="766"/>
						<line branch="true" condition-coverage="100% (2/2)" hits="1" number="769"/>
						<line hits="1" number="778"/>
						<line branch="true" condition-coverage="50% (1/2)" hits="1" missing-branches="781" number="780"/>
						<line hits="0" number="781"/>
						<line hits="1" number="783"/>
						<line hits="1" number="785"/>
						<line hits="1" number="788"/>
						<line hits="1" number="790"/>
						<line hits="1" number="809"/>
						<line hits="1" number="812"/>
						<line branch="true" condition-coverage="100% (2/2)" hits="1" number="817"/>
						<line hits="1" number="818"/>
						<line hits="1" number="824"/>
						<line branch="true" condition-coverage="100% (2/2)" hits="1" number="827"/>
						<line hits="1" number="835"/>
						<line hits="1" number="837"/>
						<line hits="1" number="840"/>
						<line hits="1" number="979"/>
						<line hits="1" number="980"/>
						<line hits="1" number="992"/>
						<line hits="1" number="1005"/>
						<line hits="1" number="1022"/>
						<line hits="1" number="1024"/>
						<line hits="1" number="1030"/>
						<line branch="true" condition-coverage="100% (2/2)" hits="1" number="1033"/>
						<line hits="1" number="1041"/>
						<line hits="1" number="1043"/>
						<line hits="1" number="1045"/>
						<line hits="1" number="1047"/>
						<line hits="1" number="1050"/>
						<line hits="1" number="1051"/>
						<line hits="1" number="1053"/>
						<line hits="1" number="1054"/>
						<line branch="true" condition-coverage="100% (2/2)" hits="1" number="1056"/>
						<line hits="1" number="1060"/>
						<line hits="1" number="1062"/>
						<line hits="1" number="1063"/>
						<line branch="true" condition-coverage="100% (2/2)" hits="1" number="1065"/>
						<line hits="1" number="1066"/>
						<line hits="1" number="1069"/>
						<line hits="1" number="1071"/>
						<line hits="1" number="1073"/>
						<line hits="1" number="1074"/>
					</lines>
				</class>
				<class branch-rate="0.9459" complexity="0" filename="sklearn/ensemble/_base.py" line-rate="0.9792" name="_base.py">
					<methods/>
					<lines>
						<line hits="1" number="6"/>
						<line hits="1" number="7"/>
						<line hits="1" number="8"/>
						<line hits="1" number="9"/>
						<line hits="1" number="11"/>
						<line hits="1" number="13"/>
						<line hits="1" number="15"/>
						<line hits="1" number="16"/>
						<line hits="1" number="17"/>
						<line hits="1" number="18"/>
						<line hits="1" number="19"/>
						<line hits="1" number="20"/>
						<line hits="1" number="21"/>
						<line hits="1" number="24"/>
						<line branch="true" condition-coverage="100% (2/2)" hits="1" number="27"/>
						<line hits="1" number="28"/>
						<line hits="1" number="29"/>
						<line hits="1" number="30"/>
						<line hits="1" number="31"/>
						<line branch="true" condition-coverage="50% (1/2)" hits="1" missing-branches="37" number="32"/>
						<line hits="1" number="33"/>
						<line hits="0" number="37"/>
						<line hits="1" number="39"/>
						<line hits="1" number="40"/>
						<line hits="1" number="41"/>
						<line hits="1" number="44"/>
						<line hits="1" number="72"/>
						<line hits="1" number="73"/>
						<line branch="true" condition-coverage="100% (2/2)" hits="1" number="74"/>
						<line branch="true" condition-coverage="100% (2/2)" hits="1" number="75"/>
						<line hits="1" number="76"/>
						<line branch="true" condition-coverage="100% (2/2)" hits="1" number="78"/>
						<line hits="1" number="79"/>
						<line hits="1" number="82"/>
						<line hits="1" number="110"/>
						<line hits="1" number="112"/>
						<line hits="1" number="113"/>
						<line hits="1" number="116"/>
						<line hits="1" number="117"/>
						<line hits="1" number="118"/>
						<line hits="1" number="124"/>
						<line branch="true" condition-coverage="100% (2/2)" hits="1" number="129"/>
						<line hits="1" number="130"/>
						<line branch="true" condition-coverage="100% (2/2)" hits="1" number="133"/>
						<line hits="1" number="134"/>
						<line branch="true" condition-coverage="100% (2/2)" hits="1" number="137"/>
						<line hits="1" number="138"/>
						<line hits="1" number="140"/>
						<line branch="true" condition-coverage="50% (1/2)" hits="1" missing-branches="143" number="142"/>
						<line hits="0" number="143"/>
						<line hits="1" number="145"/>
						<line hits="1" number="151"/>
						<line branch="true" condition-coverage="100% (2/2)" hits="1" number="152"/>
						<line branch="true" condition-coverage="100% (2/2)" hits="1" number="155"/>
						<line hits="1" number="156"/>
						<line branch="true" condition-coverage="100% (2/2)" hits="1" number="158"/>
						<line hits="1" number="159"/>
						<line hits="1" number="161"/>
						<line hits="1" number="163"/>
						<line hits="1" number="165"/>
						<line hits="1" number="167"/>
						<line hits="1" number="169"/>
						<line hits="1" number="171"/>
						<line hits="1" number="173"/>
						<line hits="1" number="176"/>
						<line hits="1" number="179"/>
						<line hits="1" number="182"/>
						<line hits="1" number="184"/>
						<line hits="1" number="185"/>
						<line hits="1" number="187"/>
						<line hits="1" number="190"/>
						<line hits="1" number="210"/>
						<line hits="1" number="212"/>
						<line hits="1" number="214"/>
						<line hits="1" number="216"/>
						<line hits="1" number="218"/>
						<line hits="1" number="220"/>
						<line branch="true" condition-coverage="100% (2/2)" hits="1" number="221"/>
						<line hits="1" number="222"/>
						<line hits="1" number="226"/>
						<line hits="1" number="228"/>
						<line branch="true" condition-coverage="100% (3/3)" hits="1" number="232"/>
						<line hits="1" number="233"/>
						<line branch="true" condition-coverage="100% (2/2)" hits="1" number="239"/>
						<line branch="true" condition-coverage="100% (2/2)" hits="1" number="240"/>
						<line hits="1" number="241"/>
						<line hits="1" number="246"/>
						<line branch="true" condition-coverage="100% (2/2)" hits="1" number="249"/>
						<line branch="true" condition-coverage="100% (2/2)" hits="1" number="250"/>
						<line hits="1" number="251"/>
						<line hits="1" number="257"/>
						<line hits="1" number="259"/>
						<line hits="1" number="274"/>
						<line hits="1" number="275"/>
						<line hits="1" number="277"/>
						<line hits="1" number="287"/>
					</lines>
				</class>
				<class branch-rate="0.9242" complexity="0" filename="sklearn/ensemble/_forest.py" line-rate="0.9652" name="_forest.py">
					<methods/>
					<lines>
						<line hits="1" number="43"/>
						<line hits="1" number="44"/>
						<line hits="1" number="45"/>
						<line hits="1" number="47"/>
						<line hits="1" number="48"/>
						<line hits="1" number="49"/>
						<line hits="1" number="50"/>
						<line hits="1" number="51"/>
						<line hits="1" number="53"/>
						<line hits="1" number="54"/>
						<line hits="1" number="55"/>
						<line hits="1" number="56"/>
						<line hits="1" number="58"/>
						<line hits="1" number="59"/>
						<line hits="1" number="60"/>
						<line hits="1" number="61"/>
						<line hits="1" number="62"/>
						<line hits="1" number="63"/>
						<line hits="1" number="64"/>
						<line hits="1" number="65"/>
						<line hits="1" number="68"/>
						<line hits="1" number="74"/>
						<line hits="1" number="77"/>
						<line branch="true" condition-coverage="100% (2/2)" hits="1" number="97"/>
						<line hits="1" number="98"/>
						<line branch="true" condition-coverage="100% (2/2)" hits="1" number="100"/>
						<line branch="true" condition-coverage="100% (2/2)" hits="1" number="101"/>
						<line hits="1" number="102"/>
						<line hits="1" number="103"/>
						<line hits="1" number="104"/>
						<line branch="true" condition-coverage="100% (2/2)" hits="1" number="106"/>
						<line branch="true" condition-coverage="50% (1/2)" hits="1" missing-branches="110" number="107"/>
						<line hits="1" number="108"/>
						<line hits="1" number="109"/>
						<line hits="0" number="110"/>
						<line hits="1" number="112"/>
						<line hits="1" number="113"/>
						<line hits="1" number="116"/>
						<line hits="1" number="120"/>
						<line hits="1" number="121"/>
						<line hits="1" number="123"/>
						<line hits="1" number="126"/>
						<line hits="1" number="129"/>
						<line hits="1" number="131"/>
						<line hits="1" number="132"/>
						<line hits="1" number="133"/>
						<line hits="1" number="134"/>
						<line hits="1" number="136"/>
						<line hits="1" number="139"/>
						<line branch="true" condition-coverage="50% (1/2)" hits="1" missing-branches="145" number="144"/>
						<line hits="0" number="145"/>
						<line branch="true" condition-coverage="100% (2/2)" hits="1" number="147"/>
						<line hits="1" number="148"/>
						<line branch="true" condition-coverage="100% (2/2)" hits="1" number="149"/>
						<line hits="1" number="150"/>
						<line hits="1" number="152"/>
						<line hits="1" number="154"/>
						<line hits="1" number="156"/>
						<line hits="1" number="157"/>
						<line branch="true" condition-coverage="50% (1/2)" hits="1" missing-branches="160" number="159"/>
						<line hits="0" number="160"/>
						<line hits="0" number="161"/>
						<line hits="0" number="162"/>
						<line branch="true" condition-coverage="100% (2/2)" hits="1" number="164"/>
						<line hits="1" number="165"/>
						<line hits="1" number="168"/>
						<line hits="1" number="170"/>
						<line hits="1" number="172"/>
						<line hits="1" number="175"/>
						<line hits="1" number="183"/>
						<line hits="1" number="184"/>
						<line hits="1" number="196"/>
						<line hits="1" number="201"/>
						<line hits="1" number="202"/>
						<line hits="1" number="203"/>
						<line hits="1" number="204"/>
						<line hits="1" number="205"/>
						<line hits="1" number="206"/>
						<line hits="1" number="207"/>
						<line hits="1" number="208"/>
						<line hits="1" number="210"/>
						<line hits="1" number="227"/>
						<line branch="true" condition-coverage="100% (2/2)" hits="1" number="228"/>
						<line hits="1" number="233"/>
						<line hits="1" number="235"/>
						<line hits="1" number="260"/>
						<line branch="true" condition-coverage="100% (2/2)" hits="1" number="261"/>
						<line hits="1" number="266"/>
						<line branch="true" condition-coverage="100% (2/2)" hits="1" number="267"/>
						<line hits="1" number="268"/>
						<line hits="1" number="270"/>
						<line hits="1" number="272"/>
						<line branch="true" condition-coverage="100% (2/2)" hits="1" number="299"/>
						<line hits="1" number="300"/>
						<line hits="1" number="303"/>
						<line branch="true" condition-coverage="100% (2/2)" hits="1" number="305"/>
						<line hits="1" number="306"/>
						<line branch="true" condition-coverage="100% (2/2)" hits="1" number="308"/>
						<line hits="1" number="311"/>
						<line hits="1" number="314"/>
						<line hits="1" number="316"/>
						<line branch="true" condition-coverage="50% (1/2)" hits="1" missing-branches="318" number="317"/>
						<line hits="0" number="318"/>
						<line branch="true" condition-coverage="100% (2/2)" hits="1" number="323"/>
						<line hits="1" number="326"/>
						<line hits="1" number="328"/>
						<line hits="1" number="330"/>
						<line branch="true" condition-coverage="100% (2/2)" hits="1" number="332"/>
						<line hits="1" number="333"/>
						<line branch="true" condition-coverage="100% (2/2)" hits="1" number="335"/>
						<line branch="true" condition-coverage="100% (2/2)" hits="1" number="336"/>
						<line hits="1" number="337"/>
						<line hits="1" number="339"/>
						<line hits="1" number="342"/>
						<line hits="1" number="348"/>
						<line branch="true" condition-coverage="100% (2/2)" hits="1" number="350"/>
						<line hits="1" number="351"/>
						<line hits="1" number="354"/>
						<line branch="true" condition-coverage="100% (2/2)" hits="1" number="356"/>
						<line hits="1" number="358"/>
						<line hits="1" number="360"/>
						<line branch="true" condition-coverage="100% (2/2)" hits="1" number="362"/>
						<line hits="1" number="363"/>
						<line branch="true" condition-coverage="100% (2/2)" hits="1" number="367"/>
						<line hits="1" number="368"/>
						<line branch="true" condition-coverage="100% (2/2)" hits="1" number="371"/>
						<line hits="1" number="374"/>
						<line branch="true" condition-coverage="100% (2/2)" hits="1" number="376"/>
						<line branch="true" condition-coverage="100% (2/2)" hits="1" number="386"/>
						<line hits="1" number="395"/>
						<line branch="true" condition-coverage="100% (2/2)" hits="1" number="397"/>
						<line hits="1" number="398"/>
						<line branch="true" condition-coverage="100% (2/2)" hits="1" number="401"/>
						<line hits="1" number="402"/>
						<line hits="1" number="403"/>
						<line hits="1" number="405"/>
						<line hits="1" number="407"/>
						<line hits="1" number="412"/>
						<line hits="1" number="414"/>
						<line hits="1" number="416"/>
						<line hits="1" number="419"/>
						<line hits="1" number="421"/>
						<line hits="1" number="423"/>
						<line hits="1" number="444"/>
						<line branch="true" condition-coverage="100% (2/2)" hits="1" number="446"/>
						<line branch="true" condition-coverage="100% (2/2)" hits="1" number="451"/>
						<line hits="1" number="452"/>
						<line hits="1" number="454"/>
						<line hits="1" number="456"/>
						<line hits="1" number="459"/>
						<line hits="1" number="466"/>
						<line hits="1" number="467"/>
						<line branch="true" condition-coverage="100% (2/2)" hits="1" number="468"/>
						<line hits="1" number="469"/>
						<line branch="true" condition-coverage="100% (2/2)" hits="1" number="471"/>
						<line hits="1" number="472"/>
						<line hits="1" number="475"/>
						<line hits="1" number="483"/>
						<line hits="1" number="484"/>
						<line hits="1" number="496"/>
						<line hits="1" number="509"/>
						<line hits="1" number="512"/>
						<line hits="1" number="514"/>
						<line hits="1" number="515"/>
						<line hits="1" number="517"/>
						<line hits="1" number="518"/>
						<line branch="true" condition-coverage="100% (2/2)" hits="1" number="519"/>
						<line hits="1" number="522"/>
						<line branch="true" condition-coverage="100% (2/2)" hits="1" number="526"/>
						<line hits="1" number="527"/>
						<line hits="1" number="529"/>
						<line branch="true" condition-coverage="50% (1/2)" hits="1" missing-branches="535" number="532"/>
						<line hits="1" number="533"/>
						<line branch="true" condition-coverage="100% (2/2)" hits="1" number="535"/>
						<line hits="1" number="536"/>
						<line branch="true" condition-coverage="100% (2/2)" hits="1" number="538"/>
						<line branch="true" condition-coverage="100% (2/2)" hits="1" number="539"/>
						<line hits="1" number="540"/>
						<line hits="1" number="544"/>
						<line hits="1" number="546"/>
						<line hits="1" number="547"/>
						<line branch="true" condition-coverage="50% (1/2)" hits="1" missing-branches="553" number="550"/>
						<line hits="1" number="551"/>
						<line hits="0" number="553"/>
						<line hits="1" number="555"/>
						<line hits="1" number="557"/>
						<line hits="1" number="558"/>
						<line hits="1" number="560"/>
						<line hits="1" number="561"/>
						<line branch="true" condition-coverage="100% (2/2)" hits="1" number="563"/>
						<line hits="1" number="564"/>
						<line hits="1" number="566"/>
						<line hits="1" number="567"/>
						<line hits="1" number="569"/>
						<line branch="true" condition-coverage="100% (2/2)" hits="1" number="570"/>
						<line hits="1" number="571"/>
						<line hits="1" number="573"/>
						<line hits="1" number="574"/>
						<line hits="1" number="575"/>
						<line branch="true" condition-coverage="100% (2/2)" hits="1" number="577"/>
						<line hits="1" number="578"/>
						<line branch="true" condition-coverage="100% (2/2)" hits="1" number="579"/>
						<line branch="true" condition-coverage="100% (2/2)" hits="1" number="580"/>
						<line hits="1" number="581"/>
						<line branch="true" condition-coverage="100% (2/2)" hits="1" number="585"/>
						<line hits="1" number="586"/>
						<line branch="true" condition-coverage="100% (2/2)" hits="1" number="597"/>
						<line branch="true" condition-coverage="100% (2/2)" hits="1" number="599"/>
						<line hits="1" number="600"/>
						<line hits="1" number="602"/>
						<line hits="1" number="603"/>
						<line hits="1" number="606"/>
						<line hits="1" number="608"/>
						<line hits="1" number="629"/>
						<line branch="true" condition-coverage="100% (2/2)" hits="1" number="631"/>
						<line hits="1" number="632"/>
						<line hits="1" number="635"/>
						<line hits="1" number="637"/>
						<line hits="1" number="638"/>
						<line branch="true" condition-coverage="100% (2/2)" hits="1" number="641"/>
						<line hits="1" number="642"/>
						<line hits="1" number="646"/>
						<line hits="1" number="648"/>
						<line hits="1" number="671"/>
						<line hits="1" number="673"/>
						<line hits="1" number="676"/>
						<line branch="true" condition-coverage="100% (2/2)" hits="1" number="679"/>
						<line hits="1" number="681"/>
						<line branch="true" condition-coverage="100% (2/2)" hits="1" number="682"/>
						<line branch="true" condition-coverage="100% (2/2)" hits="1" number="688"/>
						<line hits="1" number="689"/>
						<line branch="true" condition-coverage="100% (2/2)" hits="1" number="691"/>
						<line hits="1" number="692"/>
						<line hits="1" number="694"/>
						<line hits="1" number="696"/>
						<line hits="1" number="718"/>
						<line branch="true" condition-coverage="100% (2/2)" hits="1" number="720"/>
						<line hits="1" number="721"/>
						<line branch="true" condition-coverage="100% (2/2)" hits="1" number="724"/>
						<line hits="1" number="725"/>
						<line hits="1" number="727"/>
						<line hits="1" number="730"/>
						<line hits="1" number="738"/>
						<line hits="1" number="739"/>
						<line hits="1" number="750"/>
						<line hits="1" number="762"/>
						<line hits="1" number="781"/>
						<line hits="1" number="783"/>
						<line hits="1" number="786"/>
						<line branch="true" condition-coverage="100% (2/2)" hits="1" number="789"/>
						<line hits="1" number="790"/>
						<line hits="1" number="792"/>
						<line hits="1" number="795"/>
						<line branch="true" condition-coverage="100% (2/2)" hits="1" number="796"/>
						<line hits="1" number="801"/>
						<line hits="1" number="803"/>
						<line hits="1" number="805"/>
						<line hits="1" number="808"/>
						<line hits="1" number="810"/>
						<line hits="1" number="812"/>
						<line hits="1" number="813"/>
						<line hits="1" number="815"/>
						<line branch="true" condition-coverage="100% (2/2)" hits="1" number="819"/>
						<line hits="1" number="820"/>
						<line hits="1" number="822"/>
						<line branch="true" condition-coverage="50% (1/2)" hits="1" missing-branches="828" number="825"/>
						<line hits="1" number="826"/>
						<line hits="1" number="828"/>
						<line hits="1" number="829"/>
						<line branch="true" condition-coverage="100% (2/2)" hits="1" number="831"/>
						<line hits="1" number="832"/>
						<line hits="1" number="835"/>
						<line hits="1" number="837"/>
						<line hits="1" number="838"/>
						<line branch="true" condition-coverage="50% (1/2)" hits="1" missing-branches="844" number="840"/>
						<line hits="1" number="841"/>
						<line hits="1" number="844"/>
						<line branch="true" condition-coverage="100% (2/2)" hits="1" number="846"/>
						<line hits="1" number="847"/>
						<line hits="1" number="850"/>
						<line hits="1" number="852"/>
						<line hits="0" number="869"/>
						<line hits="0" number="870"/>
						<line branch="true" condition-coverage="0% (0/2)" hits="0" missing-branches="876,879" number="873"/>
						<line hits="0" number="876"/>
						<line hits="0" number="879"/>
						<line hits="0" number="881"/>
						<line hits="1" number="883"/>
						<line hits="1" number="1152"/>
						<line hits="1" number="1153"/>
						<line hits="1" number="1173"/>
						<line hits="1" number="1190"/>
						<line hits="1" number="1191"/>
						<line hits="1" number="1192"/>
						<line hits="1" number="1193"/>
						<line hits="1" number="1194"/>
						<line hits="1" number="1195"/>
						<line hits="1" number="1196"/>
						<line hits="1" number="1197"/>
						<line hits="1" number="1198"/>
						<line hits="1" number="1199"/>
						<line hits="1" number="1202"/>
						<line hits="1" number="1443"/>
						<line hits="1" number="1444"/>
						<line hits="1" number="1463"/>
						<line hits="1" number="1479"/>
						<line hits="1" number="1480"/>
						<line hits="1" number="1481"/>
						<line hits="1" number="1482"/>
						<line hits="1" number="1483"/>
						<line hits="1" number="1484"/>
						<line hits="1" number="1485"/>
						<line hits="1" number="1486"/>
						<line hits="1" number="1487"/>
						<line hits="1" number="1488"/>
						<line hits="1" number="1491"/>
						<line hits="1" number="1754"/>
						<line hits="1" number="1755"/>
						<line hits="1" number="1775"/>
						<line hits="1" number="1792"/>
						<line hits="1" number="1793"/>
						<line hits="1" number="1794"/>
						<line hits="1" number="1795"/>
						<line hits="1" number="1796"/>
						<line hits="1" number="1797"/>
						<line hits="1" number="1798"/>
						<line hits="1" number="1799"/>
						<line hits="1" number="1800"/>
						<line hits="1" number="1801"/>
						<line hits="1" number="1804"/>
						<line hits="1" number="2035"/>
						<line hits="1" number="2036"/>
						<line hits="1" number="2055"/>
						<line hits="1" number="2071"/>
						<line hits="1" number="2072"/>
						<line hits="1" number="2073"/>
						<line hits="1" number="2074"/>
						<line hits="1" number="2075"/>
						<line hits="1" number="2076"/>
						<line hits="1" number="2077"/>
						<line hits="1" number="2078"/>
						<line hits="1" number="2079"/>
						<line hits="1" number="2080"/>
						<line hits="1" number="2083"/>
						<line hits="1" number="2229"/>
						<line hits="1" number="2230"/>
						<line hits="1" number="2232"/>
						<line hits="1" number="2233"/>
						<line hits="1" number="2247"/>
						<line hits="1" number="2263"/>
						<line hits="1" number="2264"/>
						<line hits="1" number="2265"/>
						<line hits="1" number="2266"/>
						<line hits="1" number="2267"/>
						<line hits="1" number="2268"/>
						<line hits="1" number="2269"/>
						<line hits="1" number="2270"/>
						<line hits="1" number="2272"/>
						<line hits="1" number="2273"/>
						<line hits="1" number="2275"/>
						<line hits="1" number="2301"/>
						<line hits="1" number="2302"/>
						<line hits="1" number="2304"/>
						<line hits="1" number="2329"/>
						<line branch="true" condition-coverage="100% (2/2)" hits="1" number="2330"/>
						<line hits="1" number="2333"/>
						<line hits="1" number="2335"/>
						<line hits="1" number="2336"/>
						<line hits="1" number="2337"/>
						<line hits="1" number="2339"/>
						<line hits="1" number="2340"/>
						<line hits="1" number="2342"/>
						<line hits="1" number="2358"/>
						<line hits="1" number="2359"/>
					</lines>
				</class>
				<class branch-rate="0.9167" complexity="0" filename="sklearn/ensemble/_gb.py" line-rate="0.9423" name="_gb.py">
					<methods/>
					<lines>
						<line hits="1" number="23"/>
						<line hits="1" number="24"/>
						<line hits="1" number="25"/>
						<line hits="1" number="27"/>
						<line hits="1" number="28"/>
						<line hits="1" number="29"/>
						<line hits="1" number="30"/>
						<line hits="1" number="31"/>
						<line hits="1" number="33"/>
						<line hits="1" number="34"/>
						<line hits="1" number="35"/>
						<line hits="1" number="37"/>
						<line hits="1" number="38"/>
						<line hits="1" number="40"/>
						<line hits="1" number="41"/>
						<line hits="1" number="42"/>
						<line hits="1" number="44"/>
						<line hits="1" number="45"/>
						<line hits="1" number="46"/>
						<line hits="1" number="47"/>
						<line hits="1" number="48"/>
						<line hits="1" number="50"/>
						<line hits="1" number="51"/>
						<line hits="1" number="52"/>
						<line hits="1" number="53"/>
						<line hits="1" number="54"/>
						<line hits="1" number="55"/>
						<line hits="1" number="56"/>
						<line hits="1" number="59"/>
						<line hits="1" number="69"/>
						<line hits="1" number="70"/>
						<line hits="1" number="72"/>
						<line hits="1" number="84"/>
						<line hits="1" number="85"/>
						<line branch="true" condition-coverage="100% (2/2)" hits="1" number="87"/>
						<line hits="1" number="88"/>
						<line hits="1" number="89"/>
						<line hits="1" number="90"/>
						<line hits="1" number="91"/>
						<line hits="1" number="94"/>
						<line hits="1" number="97"/>
						<line hits="1" number="99"/>
						<line hits="1" number="100"/>
						<line hits="1" number="101"/>
						<line hits="1" number="103"/>
						<line hits="1" number="113"/>
						<line hits="1" number="115"/>
						<line branch="true" condition-coverage="100% (2/2)" hits="1" number="116"/>
						<line hits="1" number="117"/>
						<line hits="1" number="118"/>
						<line branch="true" condition-coverage="50% (1/2)" hits="1" missing-branches="121" number="120"/>
						<line hits="0" number="121"/>
						<line hits="1" number="123"/>
						<line hits="1" number="124"/>
						<line branch="true" condition-coverage="100% (2/2)" hits="1" number="128"/>
						<line hits="1" number="130"/>
						<line hits="1" number="133"/>
						<line hits="1" number="136"/>
						<line hits="1" number="137"/>
						<line hits="1" number="146"/>
						<line hits="1" number="147"/>
						<line hits="1" number="148"/>
						<line hits="1" number="149"/>
						<line hits="1" number="150"/>
						<line hits="1" number="151"/>
						<line hits="1" number="152"/>
						<line hits="1" number="153"/>
						<line hits="1" number="154"/>
						<line hits="1" number="155"/>
						<line hits="1" number="156"/>
						<line hits="1" number="157"/>
						<line hits="1" number="158"/>
						<line hits="1" number="159"/>
						<line hits="1" number="160"/>
						<line hits="1" number="161"/>
						<line hits="1" number="162"/>
						<line hits="1" number="163"/>
						<line hits="1" number="164"/>
						<line hits="1" number="165"/>
						<line hits="1" number="166"/>
						<line hits="1" number="167"/>
						<line hits="1" number="168"/>
						<line hits="1" number="170"/>
						<line hits="1" number="174"/>
						<line hits="1" number="175"/>
						<line hits="1" number="176"/>
						<line hits="1" number="182"/>
						<line branch="true" condition-coverage="100% (2/2)" hits="1" number="184"/>
						<line branch="true" condition-coverage="100% (2/2)" hits="1" number="185"/>
						<line hits="1" number="186"/>
						<line hits="1" number="188"/>
						<line hits="1" number="192"/>
						<line branch="true" condition-coverage="100% (2/2)" hits="1" number="206"/>
						<line hits="1" number="208"/>
						<line hits="1" number="210"/>
						<line hits="1" number="211"/>
						<line hits="1" number="215"/>
						<line hits="1" number="220"/>
						<line hits="1" number="222"/>
						<line hits="1" number="224"/>
						<line branch="true" condition-coverage="100% (2/2)" hits="1" number="226"/>
						<line hits="1" number="227"/>
						<line branch="true" condition-coverage="100% (2/2)" hits="1" number="230"/>
						<line hits="1" number="231"/>
						<line branch="true" condition-coverage="100% (2/2)" hits="1" number="234"/>
						<line hits="1" number="236"/>
						<line branch="true" condition-coverage="100% (2/2)" hits="1" number="238"/>
						<line hits="1" number="239"/>
						<line hits="1" number="243"/>
						<line branch="true" condition-coverage="100% (2/2)" hits="1" number="245"/>
						<line hits="1" number="246"/>
						<line hits="1" number="248"/>
						<line branch="true" condition-coverage="100% (2/2)" hits="1" number="250"/>
						<line hits="1" number="251"/>
						<line branch="true" condition-coverage="100% (2/2)" hits="1" number="254"/>
						<line branch="true" condition-coverage="100% (2/2)" hits="1" number="256"/>
						<line hits="1" number="257"/>
						<line branch="true" condition-coverage="100% (2/2)" hits="1" number="258"/>
						<line hits="1" number="259"/>
						<line branch="true" condition-coverage="100% (2/2)" hits="1" number="264"/>
						<line hits="1" number="265"/>
						<line branch="true" condition-coverage="100% (2/2)" hits="1" number="268"/>
						<line branch="true" condition-coverage="100% (2/2)" hits="1" number="269"/>
						<line branch="true" condition-coverage="100% (2/2)" hits="1" number="271"/>
						<line hits="1" number="272"/>
						<line hits="1" number="275"/>
						<line branch="true" condition-coverage="100% (2/2)" hits="1" number="276"/>
						<line hits="1" number="277"/>
						<line branch="true" condition-coverage="100% (2/2)" hits="1" number="278"/>
						<line hits="1" number="279"/>
						<line hits="1" number="281"/>
						<line branch="true" condition-coverage="100% (2/2)" hits="1" number="284"/>
						<line hits="1" number="285"/>
						<line branch="true" condition-coverage="100% (2/2)" hits="1" number="286"/>
						<line hits="1" number="287"/>
						<line branch="true" condition-coverage="100% (2/2)" hits="1" number="289"/>
						<line hits="1" number="290"/>
						<line hits="1" number="293"/>
						<line hits="1" number="295"/>
						<line branch="true" condition-coverage="100% (2/2)" hits="1" number="297"/>
						<line hits="1" number="299"/>
						<line branch="true" condition-coverage="100% (2/2)" hits="1" number="303"/>
						<line hits="1" number="304"/>
						<line hits="1" number="311"/>
						<line hits="1" number="314"/>
						<line branch="true" condition-coverage="100% (2/2)" hits="1" number="315"/>
						<line hits="1" number="316"/>
						<line hits="1" number="318"/>
						<line hits="1" number="320"/>
						<line branch="true" condition-coverage="100% (2/2)" hits="1" number="322"/>
						<line hits="1" number="323"/>
						<line hits="1" number="326"/>
						<line branch="true" condition-coverage="100% (2/2)" hits="1" number="328"/>
						<line hits="1" number="329"/>
						<line branch="true" condition-coverage="100% (2/2)" hits="1" number="330"/>
						<line hits="1" number="331"/>
						<line branch="true" condition-coverage="100% (2/2)" hits="1" number="332"/>
						<line hits="1" number="333"/>
						<line branch="true" condition-coverage="100% (2/2)" hits="1" number="334"/>
						<line hits="1" number="335"/>
						<line branch="true" condition-coverage="100% (2/2)" hits="1" number="336"/>
						<line hits="1" number="337"/>
						<line hits="1" number="339"/>
						<line hits="1" number="342"/>
						<line branch="true" condition-coverage="50% (1/2)" hits="1" missing-branches="344" number="343"/>
						<line hits="0" number="344"/>
						<line hits="1" number="347"/>
						<line hits="1" number="349"/>
						<line branch="true" condition-coverage="100% (2/2)" hits="1" number="350"/>
						<line branch="true" condition-coverage="100% (2/2)" hits="1" number="352"/>
						<line hits="1" number="353"/>
						<line hits="1" number="356"/>
						<line hits="1" number="359"/>
						<line hits="1" number="360"/>
						<line hits="1" number="362"/>
						<line hits="1" number="364"/>
						<line hits="1" number="366"/>
						<line branch="true" condition-coverage="100% (2/2)" hits="1" number="402"/>
						<line hits="1" number="403"/>
						<line hits="1" number="409"/>
						<line hits="1" number="411"/>
						<line hits="1" number="413"/>
						<line hits="1" number="415"/>
						<line hits="1" number="417"/>
						<line hits="1" number="418"/>
						<line branch="true" condition-coverage="100% (2/2)" hits="1" number="420"/>
						<line hits="1" number="421"/>
						<line hits="1" number="422"/>
						<line branch="true" condition-coverage="100% (2/2)" hits="1" number="427"/>
						<line branch="true" condition-coverage="100% (2/2)" hits="1" number="428"/>
						<line hits="1" number="433"/>
						<line hits="1" number="439"/>
						<line hits="1" number="441"/>
						<line branch="true" condition-coverage="100% (2/2)" hits="1" number="443"/>
						<line hits="1" number="445"/>
						<line branch="true" condition-coverage="100% (2/2)" hits="1" number="448"/>
						<line hits="1" number="449"/>
						<line branch="true" condition-coverage="100% (2/2)" hits="1" number="453"/>
						<line hits="1" number="454"/>
						<line hits="1" number="456"/>
						<line hits="1" number="458"/>
						<line hits="1" number="459"/>
						<line branch="true" condition-coverage="100% (2/2)" hits="1" number="460"/>
						<line hits="1" number="461"/>
						<line hits="1" number="462"/>
						<line branch="true" condition-coverage="100% (2/2)" hits="1" number="463"/>
						<line hits="1" number="466"/>
						<line hits="1" number="468"/>
						<line hits="1" number="470"/>
						<line hits="1" number="473"/>
						<line hits="1" number="476"/>
						<line branch="true" condition-coverage="100% (2/2)" hits="1" number="481"/>
						<line hits="1" number="482"/>
						<line hits="1" number="487"/>
						<line hits="1" number="491"/>
						<line hits="1" number="492"/>
						<line hits="1" number="493"/>
						<line hits="1" number="495"/>
						<line hits="1" number="498"/>
						<line branch="true" condition-coverage="100% (2/2)" hits="1" number="503"/>
						<line hits="1" number="504"/>
						<line hits="1" number="505"/>
						<line branch="true" condition-coverage="100% (2/2)" hits="1" number="506"/>
						<line hits="1" number="507"/>
						<line hits="1" number="509"/>
						<line hits="1" number="510"/>
						<line hits="1" number="512"/>
						<line hits="1" number="522"/>
						<line hits="1" number="523"/>
						<line hits="1" number="524"/>
						<line hits="1" number="525"/>
						<line hits="1" number="526"/>
						<line branch="true" condition-coverage="100% (2/2)" hits="1" number="528"/>
						<line hits="1" number="529"/>
						<line hits="1" number="530"/>
						<line hits="1" number="532"/>
						<line hits="1" number="533"/>
						<line branch="true" condition-coverage="100% (2/2)" hits="1" number="535"/>
						<line hits="1" number="536"/>
						<line hits="1" number="539"/>
						<line hits="1" number="542"/>
						<line branch="true" condition-coverage="100% (2/2)" hits="1" number="543"/>
						<line branch="true" condition-coverage="100% (2/2)" hits="1" number="546"/>
						<line hits="1" number="547"/>
						<line hits="1" number="550"/>
						<line hits="1" number="555"/>
						<line branch="true" condition-coverage="100% (2/2)" hits="1" number="560"/>
						<line hits="1" number="561"/>
						<line hits="1" number="564"/>
						<line hits="1" number="570"/>
						<line branch="true" condition-coverage="100% (2/2)" hits="1" number="572"/>
						<line hits="1" number="573"/>
						<line branch="true" condition-coverage="100% (2/2)" hits="1" number="575"/>
						<line hits="1" number="576"/>
						<line branch="true" condition-coverage="100% (2/2)" hits="1" number="577"/>
						<line hits="1" number="578"/>
						<line branch="true" condition-coverage="100% (2/2)" hits="1" number="582"/>
						<line hits="1" number="585"/>
						<line branch="true" condition-coverage="100% (2/2)" hits="1" number="590"/>
						<line hits="1" number="591"/>
						<line hits="1" number="593"/>
						<line hits="1" number="595"/>
						<line hits="1" number="597"/>
						<line hits="0" number="599"/>
						<line hits="1" number="601"/>
						<line hits="1" number="603"/>
						<line hits="1" number="604"/>
						<line branch="true" condition-coverage="50% (1/2)" hits="1" missing-branches="606" number="605"/>
						<line hits="0" number="606"/>
						<line branch="true" condition-coverage="100% (2/2)" hits="1" number="608"/>
						<line hits="1" number="609"/>
						<line hits="1" number="612"/>
						<line hits="1" number="614"/>
						<line hits="1" number="616"/>
						<line hits="1" number="618"/>
						<line hits="1" number="619"/>
						<line hits="1" number="621"/>
						<line hits="1" number="623"/>
						<line hits="1" number="644"/>
						<line hits="1" number="645"/>
						<line branch="true" condition-coverage="100% (2/2)" hits="1" number="646"/>
						<line hits="1" number="647"/>
						<line hits="1" number="649"/>
						<line hits="1" number="651"/>
						<line hits="1" number="671"/>
						<line branch="true" condition-coverage="100% (2/2)" hits="1" number="673"/>
						<line branch="true" condition-coverage="100% (2/2)" hits="1" number="676"/>
						<line hits="1" number="678"/>
						<line branch="true" condition-coverage="100% (2/2)" hits="1" number="680"/>
						<line hits="1" number="684"/>
						<line hits="1" number="686"/>
						<line hits="1" number="688"/>
						<line branch="true" condition-coverage="0% (0/2)" hits="0" missing-branches="707,713" number="706"/>
						<line hits="0" number="707"/>
						<line hits="0" number="713"/>
						<line hits="0" number="714"/>
						<line hits="0" number="715"/>
						<line branch="true" condition-coverage="0% (0/2)" hits="0" missing-branches="718,722" number="717"/>
						<line branch="true" condition-coverage="0% (0/2)" hits="0" missing-branches="717,719" number="718"/>
						<line hits="0" number="719"/>
						<line hits="0" number="720"/>
						<line hits="0" number="722"/>
						<line hits="0" number="724"/>
						<line hits="1" number="726"/>
						<line hits="1" number="729"/>
						<line branch="true" condition-coverage="50% (1/2)" hits="1" missing-branches="731" number="730"/>
						<line hits="0" number="731"/>
						<line hits="1" number="733"/>
						<line hits="1" number="735"/>
						<line hits="1" number="755"/>
						<line hits="1" number="756"/>
						<line hits="1" number="760"/>
						<line hits="1" number="761"/>
						<line branch="true" condition-coverage="100% (2/2)" hits="1" number="763"/>
						<line branch="true" condition-coverage="100% (2/2)" hits="1" number="764"/>
						<line hits="1" number="765"/>
						<line hits="1" number="766"/>
						<line hits="1" number="768"/>
						<line hits="1" number="771"/>
						<line hits="1" number="1068"/>
						<line hits="1" number="1070"/>
						<line hits="1" number="1071"/>
						<line hits="1" number="1081"/>
						<line hits="1" number="1096"/>
						<line hits="1" number="1097"/>
						<line hits="1" number="1098"/>
						<line hits="1" number="1099"/>
						<line branch="true" condition-coverage="100% (2/2)" hits="1" number="1100"/>
						<line hits="1" number="1101"/>
						<line hits="1" number="1105"/>
						<line hits="1" number="1106"/>
						<line hits="1" number="1108"/>
						<line hits="1" number="1127"/>
						<line hits="1" number="1128"/>
						<line branch="true" condition-coverage="100% (2/2)" hits="1" number="1129"/>
						<line hits="1" number="1130"/>
						<line hits="1" number="1131"/>
						<line hits="1" number="1133"/>
						<line hits="1" number="1155"/>
						<line hits="1" number="1157"/>
						<line hits="1" number="1172"/>
						<line hits="1" number="1173"/>
						<line hits="1" number="1175"/>
						<line hits="1" number="1177"/>
						<line branch="true" condition-coverage="100% (2/2)" hits="1" number="1195"/>
						<line hits="1" number="1196"/>
						<line hits="1" number="1198"/>
						<line hits="1" number="1200"/>
						<line hits="1" number="1221"/>
						<line hits="1" number="1222"/>
						<line hits="1" number="1223"/>
						<line branch="true" condition-coverage="0% (0/2)" hits="0" missing-branches="1225,1226" number="1224"/>
						<line hits="0" number="1225"/>
						<line hits="0" number="1226"/>
						<line hits="0" number="1227"/>
						<line hits="1" number="1230"/>
						<line hits="1" number="1251"/>
						<line hits="1" number="1252"/>
						<line hits="1" number="1254"/>
						<line hits="1" number="1272"/>
						<line branch="true" condition-coverage="100% (2/2)" hits="1" number="1273"/>
						<line hits="1" number="1274"/>
						<line branch="true" condition-coverage="50% (1/2)" hits="1" missing-branches="1277" number="1275"/>
						<line hits="1" number="1276"/>
						<line hits="0" number="1277"/>
						<line hits="0" number="1278"/>
						<line hits="1" number="1282"/>
						<line hits="1" number="1567"/>
						<line hits="1" number="1569"/>
						<line hits="1" number="1570"/>
						<line hits="1" number="1580"/>
						<line hits="1" number="1594"/>
						<line hits="1" number="1609"/>
						<line hits="1" number="1611"/>
						<line hits="1" number="1613"/>
						<line branch="true" condition-coverage="100% (2/2)" hits="1" number="1631"/>
						<line hits="1" number="1632"/>
						<line hits="1" number="1634"/>
						<line hits="1" number="1653"/>
						<line hits="1" number="1654"/>
						<line hits="1" number="1655"/>
					</lines>
				</class>
				<class branch-rate="0.8333" complexity="0" filename="sklearn/ensemble/_gb_losses.py" line-rate="0.9618" name="_gb_losses.py">
					<methods/>
					<lines>
						<line hits="1" number="5"/>
						<line hits="1" number="6"/>
						<line hits="1" number="8"/>
						<line hits="1" number="9"/>
						<line hits="1" number="11"/>
						<line hits="1" number="12"/>
						<line hits="1" number="13"/>
						<line hits="1" number="14"/>
						<line hits="1" number="17"/>
						<line hits="1" number="33"/>
						<line hits="1" number="35"/>
						<line hits="1" number="36"/>
						<line hits="1" number="38"/>
						<line hits="0" number="40"/>
						<line hits="1" number="42"/>
						<line hits="1" number="43"/>
						<line hits="1" number="58"/>
						<line hits="1" number="72"/>
						<line hits="1" number="104"/>
						<line hits="1" number="107"/>
						<line hits="1" number="108"/>
						<line branch="true" condition-coverage="100% (2/2)" hits="1" number="111"/>
						<line hits="1" number="112"/>
						<line hits="1" number="117"/>
						<line hits="1" number="120"/>
						<line hits="1" number="125"/>
						<line hits="0" number="144"/>
						<line hits="1" number="147"/>
						<line hits="1" number="155"/>
						<line branch="true" condition-coverage="50% (1/2)" hits="1" missing-branches="157" number="156"/>
						<line hits="0" number="157"/>
						<line hits="1" number="159"/>
						<line hits="1" number="161"/>
						<line branch="true" condition-coverage="100% (2/2)" hits="1" number="169"/>
						<line hits="1" number="170"/>
						<line hits="1" number="175"/>
						<line hits="1" number="176"/>
						<line hits="1" number="177"/>
						<line hits="1" number="180"/>
						<line hits="1" number="190"/>
						<line hits="1" number="191"/>
						<line hits="1" number="193"/>
						<line branch="true" condition-coverage="100% (2/2)" hits="1" number="207"/>
						<line hits="1" number="208"/>
						<line hits="1" number="210"/>
						<line hits="1" number="213"/>
						<line hits="1" number="225"/>
						<line hits="1" number="227"/>
						<line hits="1" number="258"/>
						<line hits="1" number="260"/>
						<line hits="0" number="262"/>
						<line hits="1" number="265"/>
						<line hits="1" number="273"/>
						<line hits="1" number="274"/>
						<line hits="1" number="276"/>
						<line branch="true" condition-coverage="100% (2/2)" hits="1" number="290"/>
						<line hits="1" number="291"/>
						<line hits="1" number="293"/>
						<line hits="1" number="296"/>
						<line hits="1" number="310"/>
						<line hits="1" number="311"/>
						<line hits="1" number="313"/>
						<line hits="1" number="316"/>
						<line hits="1" number="317"/>
						<line hits="1" number="318"/>
						<line hits="1" number="320"/>
						<line hits="1" number="324"/>
						<line hits="1" number="343"/>
						<line hits="1" number="344"/>
						<line hits="1" number="345"/>
						<line hits="1" number="346"/>
						<line hits="1" number="348"/>
						<line hits="1" number="349"/>
						<line hits="1" number="351"/>
						<line hits="1" number="366"/>
						<line hits="1" number="367"/>
						<line hits="1" number="368"/>
						<line branch="true" condition-coverage="100% (2/2)" hits="1" number="369"/>
						<line branch="true" condition-coverage="100% (2/2)" hits="1" number="370"/>
						<line hits="1" number="371"/>
						<line hits="1" number="373"/>
						<line hits="1" number="376"/>
						<line branch="true" condition-coverage="100% (2/2)" hits="1" number="377"/>
						<line hits="1" number="378"/>
						<line hits="1" number="379"/>
						<line hits="1" number="381"/>
						<line hits="1" number="383"/>
						<line hits="1" number="385"/>
						<line hits="1" number="387"/>
						<line hits="1" number="388"/>
						<line hits="1" number="390"/>
						<line hits="1" number="406"/>
						<line hits="1" number="407"/>
						<line branch="true" condition-coverage="50% (1/2)" hits="1" missing-branches="409" number="408"/>
						<line hits="0" number="409"/>
						<line hits="1" number="411"/>
						<line hits="1" number="413"/>
						<line hits="1" number="414"/>
						<line hits="1" number="415"/>
						<line hits="1" number="416"/>
						<line hits="1" number="417"/>
						<line hits="1" number="418"/>
						<line hits="1" number="420"/>
						<line hits="1" number="422"/>
						<line hits="1" number="423"/>
						<line hits="1" number="424"/>
						<line hits="1" number="425"/>
						<line hits="1" number="427"/>
						<line hits="1" number="428"/>
						<line hits="1" number="429"/>
						<line hits="1" number="434"/>
						<line hits="1" number="448"/>
						<line hits="1" number="449"/>
						<line hits="1" number="450"/>
						<line hits="1" number="451"/>
						<line hits="1" number="453"/>
						<line hits="1" number="454"/>
						<line hits="1" number="456"/>
						<line hits="1" number="471"/>
						<line hits="1" number="472"/>
						<line hits="1" number="473"/>
						<line hits="1" number="475"/>
						<line branch="true" condition-coverage="100% (2/2)" hits="1" number="476"/>
						<line hits="1" number="477"/>
						<line hits="1" number="480"/>
						<line hits="1" number="483"/>
						<line hits="1" number="485"/>
						<line hits="1" number="497"/>
						<line hits="1" number="498"/>
						<line hits="1" number="499"/>
						<line hits="1" number="500"/>
						<line hits="1" number="502"/>
						<line hits="1" number="504"/>
						<line hits="1" number="505"/>
						<line hits="1" number="507"/>
						<line hits="1" number="509"/>
						<line hits="1" number="510"/>
						<line hits="1" number="513"/>
						<line hits="1" number="516"/>
						<line hits="1" number="531"/>
						<line hits="1" number="547"/>
						<line branch="true" condition-coverage="100% (2/2)" hits="1" number="555"/>
						<line hits="1" number="557"/>
						<line hits="1" number="563"/>
						<line hits="1" number="574"/>
						<line branch="true" condition-coverage="50% (1/2)" hits="1" missing-branches="576" number="575"/>
						<line hits="0" number="576"/>
						<line hits="1" number="579"/>
						<line hits="1" number="581"/>
						<line hits="1" number="584"/>
						<line hits="1" number="586"/>
						<line hits="1" number="602"/>
						<line branch="true" condition-coverage="100% (2/2)" hits="1" number="603"/>
						<line hits="1" number="604"/>
						<line hits="1" number="607"/>
						<line hits="1" number="611"/>
						<line hits="1" number="623"/>
						<line hits="1" number="625"/>
						<line hits="1" number="635"/>
						<line hits="1" number="636"/>
						<line hits="1" number="637"/>
						<line hits="1" number="638"/>
						<line hits="1" number="640"/>
						<line hits="1" number="641"/>
						<line branch="true" condition-coverage="100% (2/2)" hits="1" number="645"/>
						<line hits="1" number="646"/>
						<line hits="1" number="648"/>
						<line hits="1" number="650"/>
						<line hits="1" number="651"/>
						<line hits="1" number="652"/>
						<line hits="1" number="653"/>
						<line hits="1" number="654"/>
						<line hits="1" number="656"/>
						<line hits="1" number="657"/>
						<line hits="1" number="658"/>
						<line hits="1" number="660"/>
						<line hits="1" number="661"/>
						<line hits="1" number="662"/>
						<line hits="1" number="663"/>
						<line hits="1" number="664"/>
						<line hits="1" number="666"/>
						<line hits="1" number="667"/>
						<line hits="1" number="670"/>
						<line hits="1" number="682"/>
						<line hits="1" number="684"/>
						<line branch="true" condition-coverage="50% (1/2)" hits="1" missing-branches="686" number="685"/>
						<line hits="0" number="686"/>
						<line hits="1" number="688"/>
						<line hits="1" number="690"/>
						<line hits="1" number="691"/>
						<line hits="1" number="693"/>
						<line hits="1" number="709"/>
						<line branch="true" condition-coverage="100% (2/2)" hits="1" number="710"/>
						<line hits="1" number="711"/>
						<line branch="true" condition-coverage="50% (1/2)" hits="1" missing-branches="714" number="713"/>
						<line hits="0" number="714"/>
						<line hits="1" number="717"/>
						<line hits="1" number="721"/>
						<line hits="1" number="736"/>
						<line hits="1" number="739"/>
						<line hits="1" number="742"/>
						<line hits="1" number="743"/>
						<line hits="1" number="744"/>
						<line hits="1" number="745"/>
						<line hits="1" number="747"/>
						<line hits="1" number="748"/>
						<line hits="1" number="750"/>
						<line branch="true" condition-coverage="100% (2/2)" hits="1" number="754"/>
						<line hits="1" number="755"/>
						<line hits="1" number="757"/>
						<line hits="1" number="759"/>
						<line hits="1" number="760"/>
						<line hits="1" number="764"/>
						<line hits="1" number="765"/>
						<line hits="1" number="766"/>
						<line hits="1" number="768"/>
						<line hits="1" number="769"/>
						<line hits="1" number="770"/>
						<line hits="1" number="771"/>
						<line hits="1" number="772"/>
						<line hits="1" number="773"/>
						<line hits="1" number="776"/>
						<line hits="1" number="790"/>
						<line branch="true" condition-coverage="50% (1/2)" hits="1" missing-branches="792" number="791"/>
						<line hits="0" number="792"/>
						<line hits="1" number="795"/>
						<line hits="1" number="797"/>
						<line hits="1" number="798"/>
						<line hits="1" number="800"/>
						<line hits="1" number="815"/>
						<line branch="true" condition-coverage="100% (2/2)" hits="1" number="816"/>
						<line hits="1" number="817"/>
						<line hits="1" number="819"/>
						<line hits="1" number="822"/>
						<line hits="1" number="834"/>
						<line hits="1" number="835"/>
						<line hits="1" number="837"/>
						<line hits="1" number="839"/>
						<line hits="1" number="840"/>
						<line hits="1" number="841"/>
						<line hits="1" number="842"/>
						<line hits="1" number="844"/>
						<line hits="1" number="846"/>
						<line hits="1" number="847"/>
						<line branch="true" condition-coverage="50% (1/2)" hits="1" missing-branches="851" number="850"/>
						<line hits="0" number="851"/>
						<line hits="1" number="853"/>
						<line hits="1" number="855"/>
						<line hits="1" number="856"/>
						<line hits="1" number="857"/>
						<line hits="1" number="858"/>
						<line hits="1" number="859"/>
						<line hits="1" number="861"/>
						<line hits="1" number="862"/>
						<line hits="1" number="864"/>
						<line hits="1" number="865"/>
						<line hits="1" number="866"/>
						<line hits="1" number="867"/>
						<line hits="1" number="868"/>
						<line hits="1" number="872"/>
						<line hits="1" number="873"/>
						<line hits="1" number="876"/>
					</lines>
				</class>
				<class branch-rate="1" complexity="0" filename="sklearn/ensemble/_iforest.py" line-rate="0.9901" name="_iforest.py">
					<methods/>
					<lines>
						<line hits="1" number="5"/>
						<line hits="1" number="6"/>
						<line hits="1" number="7"/>
						<line hits="1" number="8"/>
						<line hits="1" number="10"/>
						<line hits="1" number="11"/>
						<line hits="1" number="17"/>
						<line hits="1" number="18"/>
						<line hits="1" number="19"/>
						<line hits="1" number="20"/>
						<line hits="1" number="22"/>
						<line hits="1" number="24"/>
						<line hits="1" number="27"/>
						<line hits="1" number="187"/>
						<line hits="1" number="188"/>
						<line hits="1" number="199"/>
						<line hits="1" number="215"/>
						<line hits="1" number="216"/>
						<line hits="1" number="218"/>
						<line hits="0" number="219"/>
						<line hits="1" number="221"/>
						<line hits="1" number="226"/>
						<line hits="1" number="228"/>
						<line branch="true" condition-coverage="100% (2/2)" hits="1" number="250"/>
						<line branch="true" condition-coverage="100% (2/2)" hits="1" number="251"/>
						<line hits="1" number="252"/>
						<line hits="1" number="258"/>
						<line hits="1" number="263"/>
						<line branch="true" condition-coverage="100% (2/2)" hits="1" number="264"/>
						<line hits="1" number="267"/>
						<line hits="1" number="269"/>
						<line hits="1" number="270"/>
						<line hits="1" number="273"/>
						<line branch="true" condition-coverage="100% (2/2)" hits="1" number="275"/>
						<line branch="true" condition-coverage="100% (2/2)" hits="1" number="276"/>
						<line hits="1" number="277"/>
						<line hits="1" number="279"/>
						<line branch="true" condition-coverage="100% (2/2)" hits="1" number="283"/>
						<line branch="true" condition-coverage="100% (2/2)" hits="1" number="284"/>
						<line hits="1" number="285"/>
						<line hits="1" number="289"/>
						<line hits="1" number="291"/>
						<line branch="true" condition-coverage="100% (2/2)" hits="1" number="293"/>
						<line hits="1" number="294"/>
						<line hits="1" number="296"/>
						<line hits="1" number="298"/>
						<line hits="1" number="299"/>
						<line hits="1" number="300"/>
						<line branch="true" condition-coverage="100% (2/2)" hits="1" number="304"/>
						<line hits="1" number="307"/>
						<line hits="1" number="308"/>
						<line hits="1" number="311"/>
						<line hits="1" number="314"/>
						<line hits="1" number="316"/>
						<line hits="1" number="333"/>
						<line hits="1" number="334"/>
						<line hits="1" number="335"/>
						<line hits="1" number="336"/>
						<line hits="1" number="337"/>
						<line hits="1" number="339"/>
						<line hits="1" number="369"/>
						<line hits="1" number="371"/>
						<line hits="1" number="397"/>
						<line hits="1" number="400"/>
						<line branch="true" condition-coverage="100% (2/2)" hits="1" number="401"/>
						<line hits="1" number="402"/>
						<line hits="1" number="409"/>
						<line hits="1" number="411"/>
						<line hits="1" number="413"/>
						<line branch="true" condition-coverage="100% (2/2)" hits="1" number="415"/>
						<line hits="1" number="416"/>
						<line hits="1" number="418"/>
						<line hits="1" number="431"/>
						<line hits="1" number="433"/>
						<line hits="1" number="435"/>
						<line branch="true" condition-coverage="100% (2/2)" hits="1" number="437"/>
						<line hits="1" number="439"/>
						<line hits="1" number="441"/>
						<line hits="1" number="443"/>
						<line hits="1" number="455"/>
						<line hits="1" number="457"/>
						<line branch="true" condition-coverage="100% (2/2)" hits="1" number="459"/>
						<line hits="1" number="460"/>
						<line hits="1" number="462"/>
						<line hits="1" number="463"/>
						<line hits="1" number="464"/>
						<line hits="1" number="466"/>
						<line hits="1" number="472"/>
						<line hits="1" number="477"/>
						<line hits="1" number="480"/>
						<line hits="1" number="496"/>
						<line hits="1" number="498"/>
						<line hits="1" number="499"/>
						<line hits="1" number="500"/>
						<line hits="1" number="502"/>
						<line hits="1" number="503"/>
						<line hits="1" number="504"/>
						<line hits="1" number="506"/>
						<line hits="1" number="507"/>
						<line hits="1" number="508"/>
						<line hits="1" number="513"/>
					</lines>
				</class>
				<class branch-rate="0.8696" complexity="0" filename="sklearn/ensemble/_stacking.py" line-rate="0.9021" name="_stacking.py">
					<methods/>
					<lines>
						<line hits="1" number="6"/>
						<line hits="1" number="7"/>
						<line hits="1" number="9"/>
						<line hits="1" number="10"/>
						<line hits="1" number="11"/>
						<line hits="1" number="13"/>
						<line hits="1" number="14"/>
						<line hits="1" number="15"/>
						<line hits="1" number="16"/>
						<line hits="1" number="18"/>
						<line hits="1" number="19"/>
						<line hits="1" number="21"/>
						<line hits="1" number="22"/>
						<line hits="1" number="24"/>
						<line hits="1" number="25"/>
						<line hits="1" number="27"/>
						<line hits="1" number="29"/>
						<line hits="1" number="30"/>
						<line hits="1" number="31"/>
						<line hits="1" number="32"/>
						<line hits="1" number="33"/>
						<line hits="1" number="34"/>
						<line hits="1" number="37"/>
						<line hits="1" number="41"/>
						<line hits="1" number="42"/>
						<line hits="1" number="45"/>
						<line hits="1" number="46"/>
						<line hits="1" number="47"/>
						<line hits="1" number="48"/>
						<line hits="1" number="49"/>
						<line hits="1" number="50"/>
						<line hits="1" number="51"/>
						<line hits="1" number="53"/>
						<line branch="true" condition-coverage="100% (2/2)" hits="1" number="54"/>
						<line hits="1" number="55"/>
						<line hits="1" number="57"/>
						<line hits="1" number="59"/>
						<line hits="1" number="72"/>
						<line branch="true" condition-coverage="100% (2/2)" hits="1" number="73"/>
						<line branch="true" condition-coverage="100% (2/2)" hits="1" number="75"/>
						<line hits="1" number="76"/>
						<line branch="true" condition-coverage="100% (2/2)" hits="1" number="78"/>
						<line hits="1" number="83"/>
						<line hits="1" number="85"/>
						<line branch="true" condition-coverage="100% (2/2)" hits="1" number="86"/>
						<line hits="1" number="87"/>
						<line branch="true" condition-coverage="100% (2/2)" hits="1" number="88"/>
						<line hits="1" number="89"/>
						<line hits="1" number="91"/>
						<line hits="1" number="93"/>
						<line branch="true" condition-coverage="100% (2/2)" hits="1" number="95"/>
						<line hits="1" number="96"/>
						<line branch="true" condition-coverage="100% (2/2)" hits="1" number="97"/>
						<line branch="true" condition-coverage="100% (2/2)" hits="1" number="98"/>
						<line hits="1" number="99"/>
						<line branch="true" condition-coverage="100% (2/2)" hits="1" number="100"/>
						<line hits="1" number="101"/>
						<line hits="1" number="103"/>
						<line branch="true" condition-coverage="100% (2/2)" hits="1" number="105"/>
						<line hits="1" number="106"/>
						<line hits="1" number="108"/>
						<line hits="1" number="110"/>
						<line hits="1" number="137"/>
						<line hits="1" number="138"/>
						<line hits="1" number="140"/>
						<line branch="true" condition-coverage="100% (2/2)" hits="1" number="145"/>
						<line hits="1" number="149"/>
						<line hits="1" number="151"/>
						<line hits="1" number="152"/>
						<line branch="true" condition-coverage="100% (2/2)" hits="1" number="153"/>
						<line branch="true" condition-coverage="100% (2/2)" hits="1" number="154"/>
						<line hits="1" number="155"/>
						<line hits="1" number="157"/>
						<line hits="1" number="159"/>
						<line hits="1" number="167"/>
						<line branch="true" condition-coverage="100% (2/2)" hits="1" number="168"/>
						<line hits="1" number="169"/>
						<line branch="true" condition-coverage="100% (2/2)" hits="1" number="171"/>
						<line hits="1" number="175"/>
						<line branch="true" condition-coverage="100% (2/2)" hits="1" number="178"/>
						<line branch="true" condition-coverage="100% (2/2)" hits="1" number="189"/>
						<line hits="1" number="194"/>
						<line hits="1" number="195"/>
						<line hits="1" number="198"/>
						<line hits="1" number="200"/>
						<line hits="1" number="202"/>
						<line branch="true" condition-coverage="100% (2/2)" hits="1" number="203"/>
						<line hits="1" number="208"/>
						<line hits="1" number="210"/>
						<line hits="1" number="232"/>
						<line hits="1" number="233"/>
						<line hits="1" number="237"/>
						<line hits="0" number="238"/>
						<line hits="0" number="239"/>
						<line hits="0" number="241"/>
						<line hits="0" number="243"/>
						<line hits="1" number="246"/>
						<line hits="1" number="379"/>
						<line hits="1" number="380"/>
						<line hits="1" number="383"/>
						<line hits="1" number="393"/>
						<line hits="1" number="394"/>
						<line branch="true" condition-coverage="50% (1/2)" hits="1" missing-branches="396" number="395"/>
						<line hits="0" number="396"/>
						<line hits="1" number="401"/>
						<line hits="1" number="422"/>
						<line hits="1" number="423"/>
						<line hits="1" number="424"/>
						<line hits="1" number="425"/>
						<line hits="1" number="427"/>
						<line hits="1" number="448"/>
						<line hits="1" number="449"/>
						<line hits="1" number="451"/>
						<line hits="1" number="468"/>
						<line hits="1" number="469"/>
						<line hits="1" number="471"/>
						<line hits="1" number="488"/>
						<line hits="1" number="489"/>
						<line hits="1" number="491"/>
						<line hits="1" number="506"/>
						<line hits="1" number="508"/>
						<line branch="true" condition-coverage="0% (0/2)" hits="0" missing-branches="512,514" number="511"/>
						<line hits="0" number="512"/>
						<line hits="0" number="514"/>
						<line hits="0" number="515"/>
						<line hits="1" number="518"/>
						<line hits="1" number="626"/>
						<line hits="1" number="627"/>
						<line hits="1" number="629"/>
						<line hits="1" number="639"/>
						<line hits="1" number="640"/>
						<line branch="true" condition-coverage="50% (1/2)" hits="1" missing-branches="642" number="641"/>
						<line hits="0" number="642"/>
						<line hits="1" number="647"/>
						<line hits="1" number="668"/>
						<line hits="1" number="669"/>
						<line hits="1" number="671"/>
						<line hits="1" number="685"/>
						<line hits="1" number="687"/>
						<line branch="true" condition-coverage="0% (0/2)" hits="0" missing-branches="691,693" number="690"/>
						<line hits="0" number="691"/>
						<line hits="0" number="693"/>
						<line hits="0" number="694"/>
					</lines>
				</class>
				<class branch-rate="1" complexity="0" filename="sklearn/ensemble/_voting.py" line-rate="0.9818" name="_voting.py">
					<methods/>
					<lines>
						<line hits="1" number="16"/>
						<line hits="1" number="18"/>
						<line hits="1" number="20"/>
						<line hits="1" number="22"/>
						<line hits="1" number="23"/>
						<line hits="1" number="24"/>
						<line hits="1" number="25"/>
						<line hits="1" number="26"/>
						<line hits="1" number="27"/>
						<line hits="1" number="28"/>
						<line hits="1" number="29"/>
						<line hits="1" number="30"/>
						<line hits="1" number="31"/>
						<line hits="1" number="32"/>
						<line hits="1" number="33"/>
						<line hits="1" number="34"/>
						<line hits="1" number="35"/>
						<line hits="1" number="38"/>
						<line hits="1" number="45"/>
						<line branch="true" condition-coverage="100% (2/2)" hits="1" number="46"/>
						<line hits="1" number="47"/>
						<line hits="1" number="48"/>
						<line hits="1" number="50"/>
						<line branch="true" condition-coverage="100% (2/2)" hits="1" number="53"/>
						<line hits="1" number="54"/>
						<line branch="true" condition-coverage="100% (2/2)" hits="1" number="55"/>
						<line hits="1" number="58"/>
						<line branch="true" condition-coverage="100% (2/2)" hits="1" number="60"/>
						<line hits="1" number="62"/>
						<line hits="1" number="63"/>
						<line hits="1" number="65"/>
						<line branch="true" condition-coverage="100% (2/2)" hits="1" number="67"/>
						<line hits="1" number="69"/>
						<line branch="true" condition-coverage="100% (2/2)" hits="1" number="73"/>
						<line hits="1" number="84"/>
						<line hits="1" number="87"/>
						<line branch="true" condition-coverage="100% (2/2)" hits="1" number="88"/>
						<line hits="1" number="89"/>
						<line hits="1" number="90"/>
						<line hits="1" number="92"/>
						<line hits="1" number="94"/>
						<line hits="1" number="98"/>
						<line hits="1" number="99"/>
						<line hits="1" number="100"/>
						<line hits="1" number="101"/>
						<line hits="1" number="106"/>
						<line hits="1" number="108"/>
						<line hits="0" number="109"/>
						<line hits="0" number="110"/>
						<line hits="1" number="113"/>
						<line hits="1" number="215"/>
						<line hits="1" number="216"/>
						<line hits="1" number="218"/>
						<line hits="1" number="219"/>
						<line hits="1" number="220"/>
						<line hits="1" number="221"/>
						<line hits="1" number="222"/>
						<line hits="1" number="223"/>
						<line hits="1" number="225"/>
						<line hits="1" number="249"/>
						<line branch="true" condition-coverage="100% (2/2)" hits="1" number="250"/>
						<line hits="1" number="251"/>
						<line branch="true" condition-coverage="100% (2/2)" hits="1" number="254"/>
						<line hits="1" number="255"/>
						<line hits="1" number="258"/>
						<line hits="1" number="259"/>
						<line hits="1" number="260"/>
						<line hits="1" number="262"/>
						<line hits="1" number="264"/>
						<line hits="1" number="277"/>
						<line branch="true" condition-coverage="100% (2/2)" hits="1" number="278"/>
						<line hits="1" number="279"/>
						<line hits="1" number="282"/>
						<line branch="true" condition-coverage="100% (2/2)" hits="1" number="283"/>
						<line hits="1" number="288"/>
						<line hits="1" number="290"/>
						<line hits="1" number="292"/>
						<line branch="true" condition-coverage="100% (2/2)" hits="1" number="294"/>
						<line hits="1" number="296"/>
						<line hits="1" number="298"/>
						<line hits="1" number="299"/>
						<line hits="1" number="301"/>
						<line hits="1" number="303"/>
						<line branch="true" condition-coverage="100% (2/2)" hits="1" number="317"/>
						<line hits="1" number="318"/>
						<line hits="1" number="320"/>
						<line hits="1" number="322"/>
						<line hits="1" number="344"/>
						<line branch="true" condition-coverage="100% (2/2)" hits="1" number="346"/>
						<line hits="1" number="347"/>
						<line branch="true" condition-coverage="100% (2/2)" hits="1" number="348"/>
						<line hits="1" number="349"/>
						<line hits="1" number="350"/>
						<line hits="1" number="353"/>
						<line hits="1" number="356"/>
						<line hits="1" number="422"/>
						<line hits="1" number="423"/>
						<line hits="1" number="425"/>
						<line hits="1" number="426"/>
						<line hits="1" number="427"/>
						<line hits="1" number="428"/>
						<line hits="1" number="430"/>
						<line hits="1" number="452"/>
						<line hits="1" number="453"/>
						<line hits="1" number="455"/>
						<line hits="1" number="471"/>
						<line hits="1" number="472"/>
						<line hits="1" number="475"/>
						<line hits="1" number="488"/>
						<line hits="1" number="489"/>
					</lines>
				</class>
				<class branch-rate="0.9592" complexity="0" filename="sklearn/ensemble/_weight_boosting.py" line-rate="0.9735" name="_weight_boosting.py">
					<methods/>
					<lines>
						<line hits="1" number="26"/>
						<line hits="1" number="28"/>
						<line hits="1" number="30"/>
						<line hits="1" number="32"/>
						<line hits="1" number="33"/>
						<line hits="1" number="35"/>
						<line hits="1" number="36"/>
						<line hits="1" number="37"/>
						<line hits="1" number="38"/>
						<line hits="1" number="39"/>
						<line hits="1" number="40"/>
						<line hits="1" number="41"/>
						<line hits="1" number="42"/>
						<line hits="1" number="43"/>
						<line hits="1" number="44"/>
						<line hits="1" number="46"/>
[...]
						<line hits="1" number="114"/>
						<line hits="1" number="118"/>
						<line hits="1" number="119"/>
						<line hits="1" number="122"/>
						<line hits="1" number="124"/>
						<line hits="1" number="125"/>
						<line hits="1" number="126"/>
						<line hits="1" number="127"/>
						<line hits="1" number="130"/>
						<line hits="1" number="133"/>
						<line hits="1" number="134"/>
						<line hits="1" number="135"/>
						<line hits="1" number="136"/>
						<line hits="1" number="138"/>
						<line hits="1" number="140"/>
						<line hits="1" number="142"/>
						<line hits="1" number="144"/>
						<line hits="1" number="147"/>
						<line hits="1" number="148"/>
						<line hits="1" number="149"/>
						<line hits="1" number="150"/>
						<line hits="1" number="151"/>
						<line hits="1" number="154"/>
						<line hits="1" number="156"/>
						<line hits="1" number="157"/>
						<line hits="1" number="158"/>
						<line hits="1" number="160"/>
						<line hits="1" number="167"/>
						<line hits="1" number="169"/>
						<line hits="1" number="170"/>
						<line hits="1" number="171"/>
						<line hits="1" number="173"/>
						<line hits="1" number="177"/>
						<line hits="1" number="179"/>
						<line hits="1" number="183"/>
						<line hits="1" number="186"/>
						<line hits="1" number="188"/>
						<line hits="1" number="189"/>
						<line hits="1" number="190"/>
						<line hits="1" number="191"/>
						<line hits="1" number="192"/>
						<line hits="1" number="194"/>
						<line hits="1" number="199"/>
						<line hits="1" number="204"/>
						<line hits="1" number="209"/>
						<line hits="1" number="210"/>
						<line hits="1" number="211"/>
						<line hits="1" number="212"/>
						<line hits="1" number="214"/>
						<line hits="1" number="218"/>
						<line hits="1" number="220"/>
						<line hits="1" number="221"/>
						<line hits="1" number="222"/>
						<line hits="1" number="223"/>
						<line hits="1" number="225"/>
						<line hits="1" number="228"/>
						<line hits="1" number="231"/>
						<line hits="1" number="234"/>
						<line hits="1" number="236"/>
						<line hits="1" number="239"/>
						<line hits="1" number="241"/>
						<line hits="1" number="243"/>
						<line hits="1" number="244"/>
						<line hits="1" number="245"/>
						<line hits="1" number="246"/>
						<line hits="1" number="249"/>
						<line hits="1" number="251"/>
						<line hits="1" number="252"/>
						<line hits="1" number="253"/>
						<line hits="1" number="254"/>
						<line hits="1" number="258"/>
						<line hits="1" number="262"/>
						<line hits="1" number="263"/>
						<line hits="1" number="266"/>
						<line hits="1" number="268"/>
						<line hits="1" number="269"/>
						<line hits="1" number="270"/>
						<line hits="1" number="271"/>
						<line hits="1" number="272"/>
						<line hits="1" number="274"/>
						<line hits="1" number="278"/>
						<line hits="1" number="283"/>
						<line hits="1" number="284"/>
						<line hits="1" number="287"/>
						<line hits="1" number="289"/>
						<line hits="1" number="290"/>
						<line hits="1" number="291"/>
						<line hits="1" number="292"/>
						<line hits="1" number="295"/>
						<line hits="1" number="298"/>
						<line hits="1" number="299"/>
						<line hits="1" number="301"/>
						<line hits="1" number="302"/>
						<line hits="1" number="303"/>
						<line hits="1" number="304"/>
						<line hits="1" number="305"/>
						<line hits="1" number="306"/>
						<line hits="1" number="310"/>
						<line hits="1" number="311"/>
						<line hits="1" number="314"/>
						<line hits="1" number="316"/>
						<line hits="1" number="317"/>
						<line hits="1" number="321"/>
						<line hits="1" number="322"/>
						<line hits="1" number="323"/>
						<line hits="1" number="324"/>
						<line hits="1" number="325"/>
						<line hits="1" number="326"/>
						<line hits="1" number="329"/>
						<line hits="1" number="331"/>
						<line hits="1" number="333"/>
						<line hits="1" number="334"/>
						<line hits="1" number="336"/>
						<line hits="1" number="337"/>
						<line hits="1" number="340"/>
						<line hits="1" number="343"/>
						<line hits="1" number="345"/>
						<line hits="1" number="346"/>
						<line hits="1" number="347"/>
						<line hits="1" number="349"/>
						<line hits="1" number="351"/>
						<line hits="1" number="353"/>
						<line hits="1" number="355"/>
						<line hits="1" number="356"/>
						<line hits="1" number="357"/>
						<line hits="1" number="358"/>
						<line hits="1" number="362"/>
						<line hits="1" number="367"/>
						<line hits="1" number="368"/>
						<line hits="1" number="369"/>
						<line hits="1" number="370"/>
						<line hits="1" number="374"/>
						<line hits="1" number="377"/>
						<line hits="1" number="378"/>
						<line hits="1" number="379"/>
						<line hits="1" number="380"/>
						<line hits="1" number="382"/>
						<line hits="1" number="383"/>
						<line branch="true" condition-coverage="100% (2/2)" hits="1" number="384"/>
						<line hits="1" number="386"/>
						<line hits="1" number="388"/>
						<line hits="1" number="389"/>
						<line hits="1" number="390"/>
						<line hits="1" number="391"/>
						<line hits="1" number="392"/>
						<line hits="1" number="393"/>
						<line hits="1" number="394"/>
						<line hits="1" number="395"/>
						<line hits="1" number="396"/>
						<line hits="1" number="397"/>
						<line hits="1" number="398"/>
						<line hits="1" number="401"/>
						<line hits="1" number="402"/>
						<line hits="1" number="403"/>
						<line hits="1" number="407"/>
						<line hits="1" number="410"/>
						<line hits="1" number="411"/>
						<line hits="1" number="412"/>
						<line hits="1" number="413"/>
						<line hits="1" number="416"/>
						<line hits="1" number="419"/>
						<line hits="1" number="420"/>
						<line hits="1" number="421"/>
						<line hits="1" number="422"/>
						<line hits="1" number="425"/>
						<line hits="1" number="427"/>
						<line hits="1" number="428"/>
						<line hits="1" number="429"/>
						<line hits="1" number="433"/>
						<line hits="1" number="437"/>
						<line hits="1" number="438"/>
						<line hits="1" number="439"/>
						<line hits="1" number="442"/>
						<line hits="1" number="444"/>
						<line hits="1" number="445"/>
						<line hits="1" number="446"/>
						<line hits="1" number="447"/>
						<line hits="1" number="448"/>
						<line hits="1" number="450"/>
						<line hits="1" number="453"/>
						<line hits="1" number="457"/>
						<line hits="1" number="462"/>
						<line hits="1" number="463"/>
						<line hits="1" number="464"/>
						<line hits="1" number="465"/>
						<line hits="1" number="467"/>
						<line hits="1" number="474"/>
						<line hits="1" number="483"/>
						<line hits="1" number="490"/>
						<line hits="1" number="491"/>
						<line hits="1" number="492"/>
						<line hits="1" number="493"/>
						<line hits="1" number="494"/>
						<line hits="1" number="495"/>
						<line hits="1" number="496"/>
						<line hits="1" number="497"/>
						<line hits="1" number="500"/>
						<line hits="1" number="513"/>
						<line hits="1" number="514"/>
						<line hits="1" number="517"/>
						<line hits="1" number="529"/>
						<line hits="1" number="530"/>
						<line hits="1" number="532"/>
						<line hits="1" number="533"/>
						<line hits="1" number="534"/>
						<line hits="1" number="537"/>
						<line hits="1" number="550"/>
						<line hits="1" number="551"/>
						<line hits="1" number="553"/>
						<line hits="1" number="556"/>
						<line hits="1" number="557"/>
						<line hits="1" number="561"/>
						<line hits="1" number="567"/>
						<line hits="1" number="570"/>
						<line hits="1" number="573"/>
						<line hits="1" number="574"/>
					</lines>
				</class>
				<class branch-rate="1" complexity="0" filename="sklearn/ensemble/tests/test_weight_boosting.py" line-rate="1" name="test_weight_boosting.py">
					<methods/>
					<lines>
						<line hits="1" number="3"/>
						<line hits="1" number="4"/>
						<line hits="1" number="6"/>
						<line hits="1" number="7"/>
						<line hits="1" number="8"/>
						<line hits="1" number="9"/>
						<line hits="1" number="10"/>
						<line hits="1" number="12"/>
						<line hits="1" number="13"/>
						<line hits="1" number="14"/>
						<line hits="1" number="15"/>
						<line hits="1" number="17"/>
						<line hits="1" number="18"/>
						<line hits="1" number="19"/>
						<line hits="1" number="20"/>
						<line hits="1" number="21"/>
						<line hits="1" number="22"/>
						<line hits="1" number="23"/>
						<line hits="1" number="24"/>
						<line hits="1" number="25"/>
						<line hits="1" number="26"/>
						<line hits="1" number="27"/>
						<line hits="1" number="28"/>
						<line hits="1" number="29"/>
						<line hits="1" number="30"/>
						<line hits="1" number="34"/>
						<line hits="1" number="37"/>
						<line hits="1" number="38"/>
						<line hits="1" number="39"/>
						<line hits="1" number="40"/>
						<line hits="1" number="41"/>
						<line hits="1" number="42"/>
						<line hits="1" number="45"/>
						<line hits="1" number="46"/>
						<line hits="1" number="47"/>
						<line hits="1" number="50"/>
						<line hits="1" number="51"/>
						<line hits="1" number="55"/>
						<line hits="1" number="59"/>
						<line hits="1" number="63"/>
						<line hits="1" number="67"/>
						<line hits="1" number="68"/>
						<line hits="1" number="69"/>
						<line hits="1" number="70"/>
						<line hits="1" number="71"/>
						<line hits="1" number="73"/>
						<line hits="1" number="75"/>
						<line hits="1" number="76"/>
						<line hits="1" number="80"/>
						<line hits="1" number="81"/>
						<line hits="1" number="84"/>
						<line hits="1" number="88"/>
						<line hits="1" number="89"/>
						<line hits="1" number="90"/>
						<line hits="1" number="93"/>
						<line hits="1" number="96"/>
						<line hits="1" number="97"/>
						<line hits="1" number="98"/>
						<line hits="1" number="99"/>
						<line hits="1" number="100"/>
						<line hits="1" number="101"/>
						<line hits="1" number="104"/>
						<line hits="1" number="106"/>
						<line hits="1" number="107"/>
						<line hits="1" number="108"/>
						<line hits="1" number="111"/>
						<line hits="1" number="113"/>
						<line hits="1" number="114"/>
						<line branch="true" condition-coverage="100% (2/2)" hits="1" number="116"/>
						<line hits="1" number="117"/>
						<line hits="1" number="118"/>
						<line hits="1" number="120"/>
						<line hits="1" number="121"/>
						<line branch="true" condition-coverage="100% (2/2)" hits="1" number="122"/>
						<line hits="1" number="123"/>
						<line hits="1" number="124"/>
						<line hits="1" number="125"/>
						<line hits="1" number="126"/>
						<line hits="1" number="128"/>
						<line hits="1" number="129"/>
						<line hits="1" number="133"/>
						<line branch="true" condition-coverage="100% (2/2)" hits="1" number="135"/>
						<line hits="1" number="141"/>
						<line hits="1" number="142"/>
						<line hits="1" number="146"/>
						<line hits="1" number="149"/>
						<line hits="1" number="150"/>
						<line hits="1" number="151"/>
						<line hits="1" number="152"/>
						<line hits="1" number="155"/>
						<line branch="true" condition-coverage="100% (2/2)" hits="1" number="157"/>
						<line hits="1" number="161"/>
						<line hits="1" number="164"/>
						<line hits="1" number="165"/>
						<line hits="1" number="166"/>
						<line hits="1" number="168"/>
						<line hits="1" number="169"/>
						<line hits="1" number="171"/>
						<line branch="true" condition-coverage="100% (2/2)" hits="1" number="172"/>
						<line hits="1" number="173"/>
						<line branch="true" condition-coverage="100% (2/2)" hits="1" number="174"/>
						<line hits="1" number="175"/>
						<line branch="true" condition-coverage="100% (2/2)" hits="1" number="176"/>
						<line hits="1" number="180"/>
						<line hits="1" number="181"/>
						<line hits="1" number="182"/>
						<line hits="1" number="183"/>
						<line hits="1" number="184"/>
						<line hits="1" number="185"/>
						<line hits="1" number="188"/>
						<line hits="1" number="189"/>
						<line hits="1" number="191"/>
						<line branch="true" condition-coverage="100% (2/2)" hits="1" number="192"/>
						<line hits="1" number="193"/>
						<line branch="true" condition-coverage="100% (2/2)" hits="1" number="194"/>
						<line hits="1" number="198"/>
						<line hits="1" number="199"/>
						<line hits="1" number="200"/>
						<line hits="1" number="201"/>
						<line hits="1" number="204"/>
						<line hits="1" number="207"/>
						<line hits="1" number="208"/>
						<line hits="1" number="211"/>
						<line hits="1" number="212"/>
						<line hits="1" number="215"/>
						<line hits="1" number="217"/>
						<line hits="1" number="219"/>
						<line hits="1" number="220"/>
						<line hits="1" number="223"/>
						<line hits="1" number="225"/>
						<line branch="true" condition-coverage="100% (2/2)" hits="1" number="228"/>
						<line hits="1" number="229"/>
						<line hits="1" number="230"/>
						<line hits="1" number="231"/>
						<line hits="1" number="232"/>
						<line hits="1" number="234"/>
						<line hits="1" number="235"/>
						<line hits="1" number="236"/>
						<line hits="1" number="237"/>
						<line hits="1" number="240"/>
						<line hits="1" number="241"/>
						<line hits="1" number="242"/>
						<line hits="1" number="243"/>
						<line hits="1" number="245"/>
						<line hits="1" number="246"/>
						<line hits="1" number="247"/>
						<line hits="1" number="248"/>
						<line hits="1" number="251"/>
						<line hits="1" number="253"/>
						<line branch="true" condition-coverage="100% (2/2)" hits="1" number="261"/>
						<line hits="1" number="262"/>
						<line hits="1" number="264"/>
						<line hits="1" number="265"/>
						<line hits="1" number="267"/>
						<line hits="1" number="268"/>
						<line hits="1" number="271"/>
						<line hits="1" number="273"/>
						<line hits="1" number="277"/>
						<line hits="1" number="281"/>
						<line hits="1" number="286"/>
						<line hits="1" number="288"/>
						<line hits="1" number="292"/>
						<line hits="1" number="293"/>
						<line hits="1" number="295"/>
						<line hits="1" number="296"/>
						<line hits="1" number="298"/>
						<line hits="1" number="300"/>
						<line hits="1" number="301"/>
						<line hits="1" number="303"/>
						<line hits="1" number="304"/>
						<line hits="1" number="307"/>
						<line hits="1" number="308"/>
						<line hits="1" number="309"/>
						<line hits="1" number="310"/>
						<line hits="1" number="314"/>
						<line hits="1" number="317"/>
						<line hits="1" number="320"/>
						<line hits="1" number="322"/>
						<line hits="1" number="323"/>
						<line hits="1" number="324"/>
						<line hits="1" number="326"/>
						<line hits="1" number="330"/>
						<line hits="1" number="332"/>
						<line branch="true" condition-coverage="100% (2/2)" hits="1" number="334"/>
						<line hits="1" number="336"/>
						<line hits="1" number="337"/>
						<line hits="1" number="340"/>
						<line hits="1" number="347"/>
						<line hits="1" number="354"/>
						<line hits="1" number="355"/>
						<line hits="1" number="356"/>
						<line hits="1" number="359"/>
						<line hits="1" number="360"/>
						<line hits="1" number="361"/>
						<line hits="1" number="364"/>
						<line hits="1" number="365"/>
						<line hits="1" number="366"/>
						<line hits="1" number="369"/>
						<line hits="1" number="370"/>
						<line hits="1" number="371"/>
						<line hits="1" number="374"/>
						<line hits="1" number="375"/>
						<line hits="1" number="376"/>
						<line hits="1" number="379"/>
						<line hits="1" number="381"/>
						<line branch="true" condition-coverage="100% (2/2)" hits="1" number="382"/>
						<line hits="1" number="383"/>
						<line hits="1" number="386"/>
						<line hits="1" number="387"/>
						<line branch="true" condition-coverage="100% (2/2)" hits="1" number="388"/>
						<line hits="1" number="389"/>
						<line hits="1" number="392"/>
						<line hits="1" number="393"/>
						<line branch="true" condition-coverage="100% (2/2)" hits="1" number="394"/>
						<line hits="1" number="395"/>
						<line hits="1" number="398"/>
						<line hits="1" number="400"/>
						<line branch="true" condition-coverage="100% (2/2)" hits="1" number="401"/>
						<line hits="1" number="402"/>
						<line branch="true" condition-coverage="100% (2/2)" hits="1" number="405"/>
						<line branch="true" condition-coverage="100% (2/2)" hits="1" number="407"/>
						<line hits="1" number="411"/>
						<line hits="1" number="414"/>
						<line hits="1" number="417"/>
						<line hits="1" number="419"/>
						<line hits="1" number="420"/>
						<line hits="1" number="421"/>
						<line hits="1" number="423"/>
						<line hits="1" number="426"/>
						<line branch="true" condition-coverage="100% (2/2)" hits="1" number="428"/>
						<line hits="1" number="430"/>
						<line hits="1" number="431"/>
						<line hits="1" number="434"/>
						<line hits="1" number="440"/>
						<line hits="1" number="446"/>
						<line hits="1" number="447"/>
						<line hits="1" number="448"/>
						<line hits="1" number="451"/>
						<line hits="1" number="452"/>
						<line branch="true" condition-coverage="100% (2/2)" hits="1" number="453"/>
						<line hits="1" number="454"/>
						<line branch="true" condition-coverage="100% (2/2)" hits="1" number="456"/>
						<line branch="true" condition-coverage="100% (2/2)" hits="1" number="458"/>
						<line hits="1" number="462"/>
						<line hits="1" number="468"/>
						<line hits="1" number="470"/>
						<line hits="1" number="471"/>
						<line hits="1" number="473"/>
						<line hits="1" number="474"/>
						<line hits="1" number="476"/>
						<line hits="1" number="477"/>
						<line hits="1" number="478"/>
						<line hits="1" number="481"/>
						<line hits="1" number="486"/>
						<line hits="1" number="488"/>
						<line hits="1" number="489"/>
						<line hits="1" number="490"/>
						<line hits="1" number="492"/>
						<line hits="1" number="493"/>
						<line hits="1" number="494"/>
						<line hits="1" number="495"/>
						<line hits="1" number="497"/>
						<line hits="1" number="498"/>
						<line hits="1" number="499"/>
						<line hits="1" number="503"/>
						<line hits="1" number="504"/>
						<line hits="1" number="506"/>
						<line hits="1" number="507"/>
						<line hits="1" number="508"/>
						<line hits="1" number="511"/>
						<line hits="1" number="513"/>
						<line hits="1" number="514"/>
						<line hits="1" number="517"/>
						<line hits="1" number="520"/>
						<line hits="1" number="521"/>
						<line hits="1" number="522"/>
						<line hits="1" number="523"/>
						<line hits="1" number="526"/>
						<line hits="1" number="527"/>
						<line hits="1" number="530"/>
						<line hits="1" number="533"/>
						<line hits="1" number="534"/>
						<line hits="1" number="540"/>
						<line hits="1" number="541"/>
						<line hits="1" number="542"/>
						<line hits="1" number="543"/>
						<line hits="1" number="544"/>
						<line hits="1" number="546"/>
						<line hits="1" number="547"/>
						<line hits="1" number="548"/>
						<line hits="1" number="550"/>
						<line hits="1" number="551"/>
						<line hits="1" number="552"/>
						<line hits="1" number="554"/>
						<line hits="1" number="559"/>
						<line hits="1" number="562"/>
						<line hits="1" number="563"/>
						<line hits="1" number="565"/>
						<line hits="1" number="571"/>
						<line hits="1" number="577"/>
						<line hits="1" number="578"/>
						<line hits="1" number="580"/>
						<line hits="1" number="581"/>
						<line hits="1" number="582"/>
					</lines>
				</class>
			</classes>
		</package>
	</packages>
</coverage>
